--------------------------------------------------------------------------------
Release 14.7 Trace  (nt64)
Copyright (c) 1995-2013 Xilinx, Inc.  All rights reserved.

E:\Xilinx\14.7\ISE_DS\ISE\bin\nt64\unwrapped\trce.exe -intstyle ise -v 3 -s 2
-n 3 -fastpaths -xml Measurement.twx Measurement.ncd -o Measurement.twr
Measurement.pcf

Design file:              Measurement.ncd
Physical constraint file: Measurement.pcf
Device,package,speed:     xc6slx9,tqg144,C,-2 (PRODUCTION 1.23 2013-10-13)
Report level:             verbose report

Environment Variable      Effect 
--------------------      ------ 
NONE                      No environment variables were set
--------------------------------------------------------------------------------

INFO:Timing:3412 - To improve timing, see the Timing Closure User Guide (UG612).
INFO:Timing:2752 - To get complete path coverage, use the unconstrained paths 
   option. All paths that are not constrained will be reported in the 
   unconstrained paths section(s) of the report.
INFO:Timing:3339 - The clock-to-out numbers in this timing report are based on 
   a 50 Ohm transmission line loading model.  For the details of this model, 
   and for more information on accounting for different loading conditions, 
   please see the device datasheet.

================================================================================
Timing constraint: NET "DCM/clkin1" PERIOD = 31.25 ns HIGH 50%;
For more information, see Period Analysis in the Timing Closure User Guide (UG612).

 0 paths analyzed, 0 endpoints analyzed, 0 failing endpoints
 0 timing errors detected. (0 component switching limit errors)
 Minimum period is  16.000ns.
--------------------------------------------------------------------------------

Component Switching Limit Checks: NET "DCM/clkin1" PERIOD = 31.25 ns HIGH 50%;
--------------------------------------------------------------------------------
Slack: 15.250ns (period - (min low pulse limit / (low pulse / period)))
  Period: 31.250ns
  Low pulse: 15.625ns
  Low pulse limit: 8.000ns (Tdcmpw_CLKIN_25_50)
  Physical resource: DCM/dcm_sp_inst/CLKIN
  Logical resource: DCM/dcm_sp_inst/CLKIN
  Location pin: DCM_X0Y3.CLKIN
  Clock network: DCM/dcm_sp_inst_ML_NEW_DIVCLK
--------------------------------------------------------------------------------
Slack: 15.250ns (period - (min high pulse limit / (high pulse / period)))
  Period: 31.250ns
  High pulse: 15.625ns
  High pulse limit: 8.000ns (Tdcmpw_CLKIN_25_50)
  Physical resource: DCM/dcm_sp_inst/CLKIN
  Logical resource: DCM/dcm_sp_inst/CLKIN
  Location pin: DCM_X0Y3.CLKIN
  Clock network: DCM/dcm_sp_inst_ML_NEW_DIVCLK
--------------------------------------------------------------------------------
Slack: 27.250ns (period - min period limit)
  Period: 31.250ns
  Min period limit: 4.000ns (250.000MHz) (Tdcmper_CLKIN)
  Physical resource: DCM/dcm_sp_inst/CLKIN
  Logical resource: DCM/dcm_sp_inst/CLKIN
  Location pin: DCM_X0Y3.CLKIN
  Clock network: DCM/dcm_sp_inst_ML_NEW_DIVCLK
--------------------------------------------------------------------------------

================================================================================
Timing constraint: PERIOD analysis for net "DCM/clkfx" derived from  NET 
"DCM/clkin1" PERIOD = 31.25 ns HIGH 50%;  divided by 3.13 to 10 nS and duty 
cycle corrected to HIGH 5 nS  
For more information, see Period Analysis in the Timing Closure User Guide (UG612).

 18896 paths analyzed, 1617 endpoints analyzed, 0 failing endpoints
 0 timing errors detected. (0 setup errors, 0 hold errors, 0 component switching limit errors)
 Minimum period is   8.792ns.
--------------------------------------------------------------------------------

Paths for end point read_sec/p_data_15 (SLICE_X7Y23.DX), 1 path
--------------------------------------------------------------------------------
Slack (setup path):     0.604ns (requirement - (data path - clock path skew + uncertainty))
  Source:               ctrl/captured_15 (FF)
  Destination:          read_sec/p_data_15 (FF)
  Requirement:          5.000ns
  Data Path Delay:      3.545ns (Levels of Logic = 0)
  Clock Path Skew:      -0.616ns (0.320 - 0.936)
  Source Clock:         clk100 falling at 5.000ns
  Destination Clock:    clk100 rising at 10.000ns
  Clock Uncertainty:    0.235ns

  Clock Uncertainty:          0.235ns  ((TSJ^2 + TIJ^2)^1/2 + DJ) / 2 + PE
    Total System Jitter (TSJ):  0.070ns
    Total Input Jitter (TIJ):   0.000ns
    Discrete Jitter (DJ):       0.400ns
    Phase Error (PE):           0.000ns

  Maximum Data Path at Slow Process Corner: ctrl/captured_15 to read_sec/p_data_15
    Location             Delay type         Delay(ns)  Physical Resource
                                                       Logical Resource(s)
    -------------------------------------------------  -------------------
    ILOGIC_X0Y19.Q4      Tickq                 1.778   ctrl/captured<15>
                                                       ctrl/captured_15
    SLICE_X7Y23.DX       net (fanout=4)        1.653   ctrl/captured<15>
    SLICE_X7Y23.CLK      Tdick                 0.114   read_sec/p_data<15>
                                                       read_sec/p_data_15
    -------------------------------------------------  ---------------------------
    Total                                      3.545ns (1.892ns logic, 1.653ns route)
                                                       (53.4% logic, 46.6% route)

--------------------------------------------------------------------------------

Paths for end point ctrl/r_data_out_1_15 (SLICE_X6Y23.DX), 1 path
--------------------------------------------------------------------------------
Slack (setup path):     0.612ns (requirement - (data path - clock path skew + uncertainty))
  Source:               ctrl/captured_15 (FF)
  Destination:          ctrl/r_data_out_1_15 (FF)
  Requirement:          5.000ns
  Data Path Delay:      3.537ns (Levels of Logic = 0)
  Clock Path Skew:      -0.616ns (0.320 - 0.936)
  Source Clock:         clk100 falling at 5.000ns
  Destination Clock:    clk100 rising at 10.000ns
  Clock Uncertainty:    0.235ns

  Clock Uncertainty:          0.235ns  ((TSJ^2 + TIJ^2)^1/2 + DJ) / 2 + PE
    Total System Jitter (TSJ):  0.070ns
    Total Input Jitter (TIJ):   0.000ns
    Discrete Jitter (DJ):       0.400ns
    Phase Error (PE):           0.000ns

  Maximum Data Path at Slow Process Corner: ctrl/captured_15 to ctrl/r_data_out_1_15
    Location             Delay type         Delay(ns)  Physical Resource
                                                       Logical Resource(s)
    -------------------------------------------------  -------------------
    ILOGIC_X0Y19.Q4      Tickq                 1.778   ctrl/captured<15>
                                                       ctrl/captured_15
    SLICE_X6Y23.DX       net (fanout=4)        1.645   ctrl/captured<15>
    SLICE_X6Y23.CLK      Tdick                 0.114   ctrl/r_data_out_1<15>
                                                       ctrl/r_data_out_1_15
    -------------------------------------------------  ---------------------------
    Total                                      3.537ns (1.892ns logic, 1.645ns route)
                                                       (53.5% logic, 46.5% route)

--------------------------------------------------------------------------------

Paths for end point read_sec/p_data_8 (SLICE_X11Y26.AX), 1 path
--------------------------------------------------------------------------------
Slack (setup path):     0.640ns (requirement - (data path - clock path skew + uncertainty))
  Source:               ctrl/captured_8 (FF)
  Destination:          read_sec/p_data_8 (FF)
  Requirement:          5.000ns
  Data Path Delay:      3.504ns (Levels of Logic = 0)
  Clock Path Skew:      -0.621ns (0.316 - 0.937)
  Source Clock:         clk100 falling at 5.000ns
  Destination Clock:    clk100 rising at 10.000ns
  Clock Uncertainty:    0.235ns

  Clock Uncertainty:          0.235ns  ((TSJ^2 + TIJ^2)^1/2 + DJ) / 2 + PE
    Total System Jitter (TSJ):  0.070ns
    Total Input Jitter (TIJ):   0.000ns
    Discrete Jitter (DJ):       0.400ns
    Phase Error (PE):           0.000ns

  Maximum Data Path at Slow Process Corner: ctrl/captured_8 to read_sec/p_data_8
    Location             Delay type         Delay(ns)  Physical Resource
                                                       Logical Resource(s)
    -------------------------------------------------  -------------------
    ILOGIC_X0Y30.Q4      Tickq                 1.778   ctrl/captured<8>
                                                       ctrl/captured_8
    SLICE_X11Y26.AX      net (fanout=4)        1.612   ctrl/captured<8>
    SLICE_X11Y26.CLK     Tdick                 0.114   read_sec/p_data<11>
                                                       read_sec/p_data_8
    -------------------------------------------------  ---------------------------
    Total                                      3.504ns (1.892ns logic, 1.612ns route)
                                                       (54.0% logic, 46.0% route)

--------------------------------------------------------------------------------

Hold Paths: PERIOD analysis for net "DCM/clkfx" derived from
 NET "DCM/clkin1" PERIOD = 31.25 ns HIGH 50%;
 divided by 3.13 to 10 nS and duty cycle corrected to HIGH 5 nS 

--------------------------------------------------------------------------------

Paths for end point measure/title/count_num_8 (SLICE_X18Y25.AX), 1 path
--------------------------------------------------------------------------------
Slack (hold path):      0.394ns (requirement - (clock path skew + uncertainty - data path))
  Source:               measure/decode/p_data_8 (FF)
  Destination:          measure/title/count_num_8 (FF)
  Requirement:          0.000ns
  Data Path Delay:      0.396ns (Levels of Logic = 0)
  Clock Path Skew:      0.002ns (0.033 - 0.031)
  Source Clock:         clk100 rising at 10.000ns
  Destination Clock:    clk100 rising at 10.000ns
  Clock Uncertainty:    0.000ns

  Minimum Data Path at Fast Process Corner: measure/decode/p_data_8 to measure/title/count_num_8
    Location             Delay type         Delay(ns)  Physical Resource
                                                       Logical Resource(s)
    -------------------------------------------------  -------------------
    SLICE_X19Y25.AQ      Tcko                  0.198   measure/decode/p_data<11>
                                                       measure/decode/p_data_8
    SLICE_X18Y25.AX      net (fanout=1)        0.150   measure/decode/p_data<8>
    SLICE_X18Y25.CLK     Tckdi       (-Th)    -0.048   measure/title/count_num<11>
                                                       measure/title/count_num_8
    -------------------------------------------------  ---------------------------
    Total                                      0.396ns (0.246ns logic, 0.150ns route)
                                                       (62.1% logic, 37.9% route)

--------------------------------------------------------------------------------

Paths for end point measure/title/count_num_56 (SLICE_X15Y31.AX), 1 path
--------------------------------------------------------------------------------
Slack (hold path):      0.398ns (requirement - (clock path skew + uncertainty - data path))
  Source:               measure/decode/p_data_56 (FF)
  Destination:          measure/title/count_num_56 (FF)
  Requirement:          0.000ns
  Data Path Delay:      0.400ns (Levels of Logic = 0)
  Clock Path Skew:      0.002ns (0.044 - 0.042)
  Source Clock:         clk100 rising at 10.000ns
  Destination Clock:    clk100 rising at 10.000ns
  Clock Uncertainty:    0.000ns

  Minimum Data Path at Fast Process Corner: measure/decode/p_data_56 to measure/title/count_num_56
    Location             Delay type         Delay(ns)  Physical Resource
                                                       Logical Resource(s)
    -------------------------------------------------  -------------------
    SLICE_X14Y31.AQ      Tcko                  0.200   measure/decode/p_data<59>
                                                       measure/decode/p_data_56
    SLICE_X15Y31.AX      net (fanout=1)        0.141   measure/decode/p_data<56>
    SLICE_X15Y31.CLK     Tckdi       (-Th)    -0.059   measure/title/count_num<59>
                                                       measure/title/count_num_56
    -------------------------------------------------  ---------------------------
    Total                                      0.400ns (0.259ns logic, 0.141ns route)
                                                       (64.8% logic, 35.3% route)

--------------------------------------------------------------------------------

Paths for end point read_sec/p_data_38 (SLICE_X3Y44.CX), 1 path
--------------------------------------------------------------------------------
Slack (hold path):      0.401ns (requirement - (clock path skew + uncertainty - data path))
  Source:               ctrl/r_data_out_2_6 (FF)
  Destination:          read_sec/p_data_38 (FF)
  Requirement:          0.000ns
  Data Path Delay:      0.403ns (Levels of Logic = 0)
  Clock Path Skew:      0.002ns (0.041 - 0.039)
  Source Clock:         clk100 rising at 10.000ns
  Destination Clock:    clk100 rising at 10.000ns
  Clock Uncertainty:    0.000ns

  Minimum Data Path at Fast Process Corner: ctrl/r_data_out_2_6 to read_sec/p_data_38
    Location             Delay type         Delay(ns)  Physical Resource
                                                       Logical Resource(s)
    -------------------------------------------------  -------------------
    SLICE_X2Y44.CQ       Tcko                  0.200   ctrl/r_data_out_2<7>
                                                       ctrl/r_data_out_2_6
    SLICE_X3Y44.CX       net (fanout=1)        0.144   ctrl/r_data_out_2<6>
    SLICE_X3Y44.CLK      Tckdi       (-Th)    -0.059   read_sec/p_data<39>
                                                       read_sec/p_data_38
    -------------------------------------------------  ---------------------------
    Total                                      0.403ns (0.259ns logic, 0.144ns route)
                                                       (64.3% logic, 35.7% route)

--------------------------------------------------------------------------------

Component Switching Limit Checks: PERIOD analysis for net "DCM/clkfx" derived from
 NET "DCM/clkin1" PERIOD = 31.25 ns HIGH 50%;
 divided by 3.13 to 10 nS and duty cycle corrected to HIGH 5 nS 

--------------------------------------------------------------------------------
Slack: 7.000ns (period - min period limit)
  Period: 10.000ns
  Min period limit: 3.000ns (333.333MHz) (Tdcmper_CLKFX)
  Physical resource: DCM/dcm_sp_inst/CLKFX
  Logical resource: DCM/dcm_sp_inst/CLKFX
  Location pin: DCM_X0Y3.CLKFX
  Clock network: DCM/clkfx
--------------------------------------------------------------------------------
Slack: 7.334ns (period - min period limit)
  Period: 10.000ns
  Min period limit: 2.666ns (375.094MHz) (Tbcper_I)
  Physical resource: DCM/clkout1_buf/I0
  Logical resource: DCM/clkout1_buf/I0
  Location pin: BUFGMUX_X3Y7.I0
  Clock network: DCM/clkfx
--------------------------------------------------------------------------------
Slack: 7.751ns (period - min period limit)
  Period: 10.000ns
  Min period limit: 2.249ns (444.642MHz) (Tockper)
  Physical resource: DRAM_CLK_OBUF/CLK0
  Logical resource: ctrl/ODDR2_inst/CK0
  Location pin: OLOGIC_X0Y6.CLK0
  Clock network: clk100
--------------------------------------------------------------------------------


Derived Constraint Report
Derived Constraints for DCM/clkin1
+-------------------------------+-------------+-------------+-------------+-------------+-------------+-------------+-------------+
|                               |   Period    |       Actual Period       |      Timing Errors        |      Paths Analyzed       |
|           Constraint          | Requirement |-------------+-------------|-------------+-------------|-------------+-------------|
|                               |             |   Direct    | Derivative  |   Direct    | Derivative  |   Direct    | Derivative  |
+-------------------------------+-------------+-------------+-------------+-------------+-------------+-------------+-------------+
|DCM/clkin1                     |     31.250ns|     16.000ns|     27.475ns|            0|            0|            0|        18896|
| DCM/clkfx                     |     10.000ns|      8.792ns|          N/A|            0|            0|        18896|            0|
+-------------------------------+-------------+-------------+-------------+-------------+-------------+-------------+-------------+

All constraints were met.


Data Sheet report:
-----------------
All values displayed in nanoseconds (ns)

Clock to Setup on destination clock clk
---------------+---------+---------+---------+---------+
               | Src:Rise| Src:Fall| Src:Rise| Src:Fall|
Source Clock   |Dest:Rise|Dest:Rise|Dest:Fall|Dest:Fall|
---------------+---------+---------+---------+---------+
clk            |    7.723|    4.396|         |         |
---------------+---------+---------+---------+---------+


Timing summary:
---------------

Timing errors: 0  Score: 0  (Setup/Max: 0, Hold: 0)

Constraints cover 18896 paths, 0 nets, and 2009 connections

Design statistics:
   Minimum period:  16.000ns{1}   (Maximum frequency:  62.500MHz)


------------------------------------Footnotes-----------------------------------
1)  The minimum period statistic assumes all single cycle delays.

Analysis completed TUE 3 DEC 11:52:22 2019 
--------------------------------------------------------------------------------

Trace Settings:
-------------------------
Trace Settings 

Peak Memory Usage: 4574 MB



